  sphere.cpp
c:\users\joão\documents\cadeiras\p3d_programacao 3d\mywork\vs solution root\lab01\lab01\sphere.cpp(6): error C2512: 'obj': no appropriate default constructor available
  c:\users\joão\documents\cadeiras\p3d_programacao 3d\mywork\vs solution root\lab01\lab01\obj.h(4): note: see declaration of 'obj'
  scene.cpp
c:\users\joão\documents\cadeiras\p3d_programacao 3d\mywork\vs solution root\lab01\lab01\scene.cpp(14): fatal error C1083: Cannot open include file: 'parse.h': No such file or directory
  plane.cpp
c:\users\joão\documents\cadeiras\p3d_programacao 3d\mywork\vs solution root\lab01\lab01\plane.cpp(7): error C2084: function 'plane::plane(double,double,double,double,double,double,double,double,double,material *)' already has a body
  c:\users\joão\documents\cadeiras\p3d_programacao 3d\mywork\vs solution root\lab01\lab01\plane.h(9): note: see previous definition of '{ctor}'
  obj.cpp
  material.cpp
  main.cpp
c:\users\joão\documents\cadeiras\p3d_programacao 3d\mywork\vs solution root\lab01\lab01\main.cpp(7): error C2143: syntax error: missing ';' before '*'
c:\users\joão\documents\cadeiras\p3d_programacao 3d\mywork\vs solution root\lab01\lab01\main.cpp(7): error C4430: missing type specifier - int assumed. Note: C++ does not support default-int
c:\users\joão\documents\cadeiras\p3d_programacao 3d\mywork\vs solution root\lab01\lab01\main.cpp(28): error C2065: 'Ray': undeclared identifier
c:\users\joão\documents\cadeiras\p3d_programacao 3d\mywork\vs solution root\lab01\lab01\main.cpp(28): error C2146: syntax error: missing ';' before identifier 'ray'
c:\users\joão\documents\cadeiras\p3d_programacao 3d\mywork\vs solution root\lab01\lab01\main.cpp(28): error C2065: 'ray': undeclared identifier
c:\users\joão\documents\cadeiras\p3d_programacao 3d\mywork\vs solution root\lab01\lab01\main.cpp(28): error C2227: left of '->GetCamera' must point to class/struct/union/generic type
  c:\users\joão\documents\cadeiras\p3d_programacao 3d\mywork\vs solution root\lab01\lab01\main.cpp(28): note: type is 'int *'
c:\users\joão\documents\cadeiras\p3d_programacao 3d\mywork\vs solution root\lab01\lab01\main.cpp(28): error C2227: left of '->PrimaryRay' must point to class/struct/union/generic type
c:\users\joão\documents\cadeiras\p3d_programacao 3d\mywork\vs solution root\lab01\lab01\main.cpp(29): error C2065: 'Color': undeclared identifier
c:\users\joão\documents\cadeiras\p3d_programacao 3d\mywork\vs solution root\lab01\lab01\main.cpp(29): error C2146: syntax error: missing ';' before identifier 'color'
c:\users\joão\documents\cadeiras\p3d_programacao 3d\mywork\vs solution root\lab01\lab01\main.cpp(29): error C2065: 'color': undeclared identifier
c:\users\joão\documents\cadeiras\p3d_programacao 3d\mywork\vs solution root\lab01\lab01\main.cpp(29): error C2065: 'ray': undeclared identifier
c:\users\joão\documents\cadeiras\p3d_programacao 3d\mywork\vs solution root\lab01\lab01\main.cpp(29): error C3861: 'rayTracing': identifier not found
c:\users\joão\documents\cadeiras\p3d_programacao 3d\mywork\vs solution root\lab01\lab01\main.cpp(31): error C2065: 'color': undeclared identifier
c:\users\joão\documents\cadeiras\p3d_programacao 3d\mywork\vs solution root\lab01\lab01\main.cpp(31): error C2228: left of '.r' must have class/struct/union
  c:\users\joão\documents\cadeiras\p3d_programacao 3d\mywork\vs solution root\lab01\lab01\main.cpp(31): note: type is 'unknown-type'
c:\users\joão\documents\cadeiras\p3d_programacao 3d\mywork\vs solution root\lab01\lab01\main.cpp(31): error C2228: left of '.g' must have class/struct/union
  c:\users\joão\documents\cadeiras\p3d_programacao 3d\mywork\vs solution root\lab01\lab01\main.cpp(31): note: type is 'unknown-type'
c:\users\joão\documents\cadeiras\p3d_programacao 3d\mywork\vs solution root\lab01\lab01\main.cpp(31): error C2228: left of '.b' must have class/struct/union
  c:\users\joão\documents\cadeiras\p3d_programacao 3d\mywork\vs solution root\lab01\lab01\main.cpp(31): note: type is 'unknown-type'
c:\users\joão\documents\cadeiras\p3d_programacao 3d\mywork\vs solution root\lab01\lab01\main.cpp(31): error C2660: 'glColor3f': function does not take 1 arguments
c:\users\joão\documents\cadeiras\p3d_programacao 3d\mywork\vs solution root\lab01\lab01\main.cpp(41): error C2061: syntax error: identifier 'Scene'
c:\users\joão\documents\cadeiras\p3d_programacao 3d\mywork\vs solution root\lab01\lab01\main.cpp(42): error C2227: left of '->load_nff' must point to class/struct/union/generic type
  c:\users\joão\documents\cadeiras\p3d_programacao 3d\mywork\vs solution root\lab01\lab01\main.cpp(42): note: type is 'int *'
c:\users\joão\documents\cadeiras\p3d_programacao 3d\mywork\vs solution root\lab01\lab01\main.cpp(43): error C2227: left of '->GetCamera' must point to class/struct/union/generic type
  c:\users\joão\documents\cadeiras\p3d_programacao 3d\mywork\vs solution root\lab01\lab01\main.cpp(43): note: type is 'int *'
c:\users\joão\documents\cadeiras\p3d_programacao 3d\mywork\vs solution root\lab01\lab01\main.cpp(43): error C2227: left of '->GetResX' must point to class/struct/union/generic type
c:\users\joão\documents\cadeiras\p3d_programacao 3d\mywork\vs solution root\lab01\lab01\main.cpp(44): error C2227: left of '->GetCamera' must point to class/struct/union/generic type
  c:\users\joão\documents\cadeiras\p3d_programacao 3d\mywork\vs solution root\lab01\lab01\main.cpp(44): note: type is 'int *'
c:\users\joão\documents\cadeiras\p3d_programacao 3d\mywork\vs solution root\lab01\lab01\main.cpp(44): error C2227: left of '->GetResY' must point to class/struct/union/generic type
  light.cpp
  camara.cpp
  Generating Code...
